<?xml version="1.0" encoding="UTF-8"?>
<!-- Generated by org.testng.reporters.JUnitReportReporter -->
<testsuite skipped="0" hostname="DESKTOP-O2K3836" name="com.brandintelle.maven.com.brandintelle.maven.BTLJOBS_1" tests="6" failures="0" timestamp="2020-09-17T15:37:55 IST" time="90.820" errors="0">
  <testcase name="BTLapp" time="14.356" classname="com.brandintelle.maven.com.brandintelle.maven.BTLJOBS_1"/>
  <system-out/>
  <testcase name="BTLJOB" time="22.427" classname="com.brandintelle.maven.com.brandintelle.maven.BTLJOBS_1"/>
  <system-out/>
  <testcase name="BTLSUBActivity" time="22.954" classname="com.brandintelle.maven.com.brandintelle.maven.BTLJOBS_1"/>
  <system-out/>
  <testcase name="Taxcommission" time="24.690" classname="com.brandintelle.maven.com.brandintelle.maven.BTLJOBS_1"/>
  <system-out/>
  <testcase name="Review" time="3.193" classname="com.brandintelle.maven.com.brandintelle.maven.BTLJOBS_1"/>
  <system-out/>
  <testcase name="savejobpopup" time="3.200" classname="com.brandintelle.maven.com.brandintelle.maven.BTLJOBS_1"/>
  <system-out/>
</testsuite> <!-- com.brandintelle.maven.com.brandintelle.maven.BTLJOBS_1 -->
