<?xml version="1.0" encoding="UTF-8"?>
<!-- Generated by org.testng.reporters.JUnitReportReporter -->
<testsuite skipped="0" hostname="DESKTOP-O2K3836" name="com.brandintelle.maven.com.brandintelle.maven.BTLJOBS_1" tests="6" failures="0" timestamp="2020-09-17T17:07:04 IST" time="94.239" errors="0">
  <testcase name="BTLapp" time="14.252" classname="com.brandintelle.maven.com.brandintelle.maven.BTLJOBS_1"/>
  <system-out/>
  <testcase name="BTLJOB" time="27.064" classname="com.brandintelle.maven.com.brandintelle.maven.BTLJOBS_1"/>
  <system-out/>
  <testcase name="BTLSUBActivity" time="23.268" classname="com.brandintelle.maven.com.brandintelle.maven.BTLJOBS_1"/>
  <system-out/>
  <testcase name="Taxcommission" time="23.245" classname="com.brandintelle.maven.com.brandintelle.maven.BTLJOBS_1"/>
  <system-out/>
  <testcase name="Review" time="3.240" classname="com.brandintelle.maven.com.brandintelle.maven.BTLJOBS_1"/>
  <system-out/>
  <testcase name="savejobpopup" time="3.170" classname="com.brandintelle.maven.com.brandintelle.maven.BTLJOBS_1"/>
  <system-out/>
</testsuite> <!-- com.brandintelle.maven.com.brandintelle.maven.BTLJOBS_1 -->
