<?xml version="1.0" encoding="UTF-8"?>
<!-- Generated by org.testng.reporters.JUnitReportReporter -->
<testsuite skipped="0" hostname="DESKTOP-O2K3836" name="com.brandintelle.maven.com.brandintelle.maven.SimpleTestScript" tests="2" failures="0" timestamp="2020-08-19T09:07:15 IST" time="5.203" errors="0">
  <testcase name="login" time="0.768" classname="com.brandintelle.maven.com.brandintelle.maven.SimpleTestScript"/>
  <system-out/>
  <testcase name="SelectItem" time="4.435" classname="com.brandintelle.maven.com.brandintelle.maven.SimpleTestScript"/>
  <system-out/>
</testsuite> <!-- com.brandintelle.maven.com.brandintelle.maven.SimpleTestScript -->
